[debug] [2025-12-03T14:37:11.133Z] ----------------------------------------------------------------------
[debug] [2025-12-03T14:37:11.135Z] Command:       /opt/homebrew/Cellar/node/24.9.0_1/bin/node /opt/homebrew/bin/firebase emulators:start
[debug] [2025-12-03T14:37:11.135Z] CLI Version:   14.26.0
[debug] [2025-12-03T14:37:11.135Z] Platform:      darwin
[debug] [2025-12-03T14:37:11.135Z] Node Version:  v24.9.0
[debug] [2025-12-03T14:37:11.135Z] Time:          Wed Dec 03 2025 20:07:11 GMT+0530 (India Standard Time)
[debug] [2025-12-03T14:37:11.136Z] ----------------------------------------------------------------------
[debug] 
[debug] [2025-12-03T14:37:11.202Z] > command requires scopes: ["email","openid","https://www.googleapis.com/auth/cloudplatformprojects.readonly","https://www.googleapis.com/auth/firebase","https://www.googleapis.com/auth/cloud-platform"]
[debug] [2025-12-03T14:37:11.202Z] > authorizing via signed-in user (athiralek@gmail.com)
[info] i  emulators: Starting emulators: functions, hosting, extensions {"metadata":{"emulator":{"name":"hub"},"message":"Starting emulators: functions, hosting, extensions"}}
[debug] [2025-12-03T14:37:11.203Z] Checked if tokens are valid: true, expires at: 1764774387757
[debug] [2025-12-03T14:37:11.203Z] Checked if tokens are valid: true, expires at: 1764774387757
[debug] [2025-12-03T14:37:11.204Z] >>> [apiv2][query] GET https://serviceusage.googleapis.com/v1/projects/elderly-support/services/cloudresourcemanager.googleapis.com [none]
[debug] [2025-12-03T14:37:11.204Z] >>> [apiv2][(partial)header] GET https://serviceusage.googleapis.com/v1/projects/elderly-support/services/cloudresourcemanager.googleapis.com x-goog-quota-user=projects/elderly-support
[debug] [2025-12-03T14:37:13.378Z] <<< [apiv2][status] GET https://serviceusage.googleapis.com/v1/projects/elderly-support/services/cloudresourcemanager.googleapis.com 403
[debug] [2025-12-03T14:37:13.378Z] <<< [apiv2][body] GET https://serviceusage.googleapis.com/v1/projects/elderly-support/services/cloudresourcemanager.googleapis.com [omitted]
[debug] [2025-12-03T14:37:13.379Z] Unable to check that https://cloudresourcemanager.googleapis.com is enabled on elderly-support. Calls to it will fail if it is not enabled
[debug] [2025-12-03T14:37:13.379Z] Checked if tokens are valid: true, expires at: 1764774387757
[debug] [2025-12-03T14:37:13.379Z] Checked if tokens are valid: true, expires at: 1764774387757
[debug] [2025-12-03T14:37:13.379Z] >>> [apiv2][query] GET https://cloudresourcemanager.googleapis.com/v1/projects/elderly-support [none]
[debug] [2025-12-03T14:37:15.288Z] <<< [apiv2][status] GET https://cloudresourcemanager.googleapis.com/v1/projects/elderly-support 403
[debug] [2025-12-03T14:37:15.289Z] <<< [apiv2][body] GET https://cloudresourcemanager.googleapis.com/v1/projects/elderly-support {"error":{"code":403,"message":"The caller does not have permission","status":"PERMISSION_DENIED"}}
[error] ⬢  extensions: Unable to look up project number for elderly-support.
 If this is a real project, ensure that you are logged in and have access to it.
 If this is a fake project, please use a project ID starting with 'demo-' to skip production calls.
 Continuing with a fake project number - secrets and other features that require production access may behave unexpectedly. {"metadata":{"emulator":{"name":"extensions"},"message":"Unable to look up project number for elderly-support.\n If this is a real project, ensure that you are logged in and have access to it.\n If this is a fake project, please use a project ID starting with 'demo-' to skip production calls.\n Continuing with a fake project number - secrets and other features that require production access may behave unexpectedly."}}
[debug] [2025-12-03T14:37:15.815Z] [logging] Logging Emulator only supports listening on one address (127.0.0.1). Not listening on ::1
[debug] [2025-12-03T14:37:15.815Z] [hosting] Hosting Emulator only supports listening on one address (127.0.0.1). Not listening on ::1
[debug] [2025-12-03T14:37:15.816Z] assigned listening specs for emulators {"user":{"hub":[{"address":"127.0.0.1","family":"IPv4","port":4400},{"address":"::1","family":"IPv6","port":4400}],"ui":[{"address":"127.0.0.1","family":"IPv4","port":4000},{"address":"::1","family":"IPv6","port":4000}],"logging":[{"address":"127.0.0.1","family":"IPv4","port":4500}],"hosting":[{"address":"127.0.0.1","family":"IPv4","port":5000}]},"metadata":{"message":"assigned listening specs for emulators"}}
[debug] [2025-12-03T14:37:15.817Z] Emulator locator file path: /var/folders/xx/gn4v67pj6nbcfsnh6p64r4tw0000gn/T/hub-elderly-support.json
[debug] [2025-12-03T14:37:15.817Z] [hub] writing locator at /var/folders/xx/gn4v67pj6nbcfsnh6p64r4tw0000gn/T/hub-elderly-support.json
[debug] [2025-12-03T14:37:15.818Z] [Extensions] Started Extensions emulator, this is a noop.
[debug] [2025-12-03T14:37:16.192Z] [functions] Functions Emulator only supports listening on one address (127.0.0.1). Not listening on ::1
[debug] [2025-12-03T14:37:16.192Z] [eventarc] Eventarc Emulator only supports listening on one address (127.0.0.1). Not listening on ::1
[debug] [2025-12-03T14:37:16.192Z] [tasks] Cloud Tasks Emulator only supports listening on one address (127.0.0.1). Not listening on ::1
[debug] [2025-12-03T14:37:16.192Z] late-assigned ports for functions and eventarc emulators {"user":{"hub":[{"address":"127.0.0.1","family":"IPv4","port":4400},{"address":"::1","family":"IPv6","port":4400}],"ui":[{"address":"127.0.0.1","family":"IPv4","port":4000},{"address":"::1","family":"IPv6","port":4000}],"logging":[{"address":"127.0.0.1","family":"IPv4","port":4500}],"hosting":[{"address":"127.0.0.1","family":"IPv4","port":5000}],"functions":[{"address":"127.0.0.1","family":"IPv4","port":5001}],"eventarc":[{"address":"127.0.0.1","family":"IPv4","port":9299}],"tasks":[{"address":"127.0.0.1","family":"IPv4","port":9499}]},"metadata":{"message":"late-assigned ports for functions and eventarc emulators"}}
[warn] ⚠  functions: The following emulators are not running, calls to these services from the Functions emulator will affect production: apphosting, auth, firestore, database, pubsub, storage, dataconnect {"metadata":{"emulator":{"name":"functions"},"message":"The following emulators are not running, calls to these services from the Functions emulator will affect production: \u001b[1mapphosting, auth, firestore, database, pubsub, storage, dataconnect\u001b[22m"}}
[debug] [2025-12-03T14:37:16.197Z] defaultcredentials: writing to file /Users/i329189/.config/firebase/athiralek_gmail_com_application_default_credentials.json
[debug] [2025-12-03T14:37:16.197Z] Setting GAC to /Users/i329189/.config/firebase/athiralek_gmail_com_application_default_credentials.json {"metadata":{"emulator":{"name":"functions"},"message":"Setting GAC to /Users/i329189/.config/firebase/athiralek_gmail_com_application_default_credentials.json"}}
[debug] [2025-12-03T14:37:16.198Z] Checked if tokens are valid: true, expires at: 1764774387757
[debug] [2025-12-03T14:37:16.198Z] Checked if tokens are valid: true, expires at: 1764774387757
[debug] [2025-12-03T14:37:16.198Z] >>> [apiv2][query] GET https://firebase.googleapis.com/v1beta1/projects/elderly-support/adminSdkConfig [none]
[debug] [2025-12-03T14:37:17.172Z] <<< [apiv2][status] GET https://firebase.googleapis.com/v1beta1/projects/elderly-support/adminSdkConfig 403
[debug] [2025-12-03T14:37:17.172Z] <<< [apiv2][body] GET https://firebase.googleapis.com/v1beta1/projects/elderly-support/adminSdkConfig {"error":{"code":403,"message":"The caller does not have permission","status":"PERMISSION_DENIED"}}
[debug] [2025-12-03T14:37:17.173Z] Failed to get Admin SDK config for elderly-support, falling back to cache Failed to get Admin SDK for Firebase project elderly-support. Please make sure the project exists and your account has permission to access it. {"name":"FirebaseError","children":[],"exit":2,"message":"Failed to get Admin SDK for Firebase project elderly-support. Please make sure the project exists and your account has permission to access it.","original":{"name":"FirebaseError","children":[],"context":{"body":{"error":{"code":403,"message":"The caller does not have permission","status":"PERMISSION_DENIED"}},"response":{"statusCode":403}},"exit":1,"message":"Request to https://firebase.googleapis.com/v1beta1/projects/elderly-support/adminSdkConfig had HTTP Error: 403, The caller does not have permission","status":403},"status":500}
[warn] ⚠  functions: Unable to fetch project Admin SDK configuration, Admin SDK behavior in Cloud Functions emulator may be incorrect. {"metadata":{"emulator":{"name":"functions"},"message":"Unable to fetch project Admin SDK configuration, Admin SDK behavior in Cloud Functions emulator may be incorrect."}}
[debug] [2025-12-03T14:37:17.192Z] Checked if tokens are valid: true, expires at: 1764774387757
[debug] [2025-12-03T14:37:17.192Z] Checked if tokens are valid: true, expires at: 1764774387757
[debug] [2025-12-03T14:37:17.192Z] >>> [apiv2][query] GET https://firebasehosting.googleapis.com/v1beta1/projects/elderly-support/sites 
[debug] [2025-12-03T14:37:18.479Z] <<< [apiv2][status] GET https://firebasehosting.googleapis.com/v1beta1/projects/elderly-support/sites 403
[debug] [2025-12-03T14:37:18.480Z] <<< [apiv2][body] GET https://firebasehosting.googleapis.com/v1beta1/projects/elderly-support/sites {"error":{"code":403,"message":"Permission 'firebasehosting.sites.get' denied on resource 'projects/elderly-support' (or it may not exist)","status":"PERMISSION_DENIED"}}
[debug] [2025-12-03T14:37:18.480Z] Failed to list hosting sites
[debug] Request to https://firebasehosting.googleapis.com/v1beta1/projects/elderly-support/sites had HTTP Error: 403, Permission 'firebasehosting.sites.get' denied on resource 'projects/elderly-support' (or it may not exist)
[debug] [2025-12-03T14:37:18.480Z] Checked if tokens are valid: true, expires at: 1764774387757
[debug] [2025-12-03T14:37:18.480Z] Checked if tokens are valid: true, expires at: 1764774387757
[debug] [2025-12-03T14:37:18.481Z] >>> [apiv2][query] GET https://firebase.googleapis.com/v1beta1/projects/elderly-support/webApps/-/config [none]
[debug] [2025-12-03T14:37:18.997Z] <<< [apiv2][status] GET https://firebase.googleapis.com/v1beta1/projects/elderly-support/webApps/-/config 403
[debug] [2025-12-03T14:37:18.997Z] <<< [apiv2][body] GET https://firebase.googleapis.com/v1beta1/projects/elderly-support/webApps/-/config {"error":{"code":403,"message":"The caller does not have permission","status":"PERMISSION_DENIED"}}
[debug] [2025-12-03T14:37:18.998Z] fetchWebSetup error: FirebaseError: Request to https://firebase.googleapis.com/v1beta1/projects/elderly-support/webApps/-/config had HTTP Error: 403, The caller does not have permission
[warn] ⚠  hosting: Authentication error when trying to fetch your current web app configuration, have you run firebase login? 
[warn] ⚠  hosting: Could not fetch web app configuration and there is no cached configuration on this machine. Check your internet connection and make sure you are authenticated. To continue, you must call firebase.initializeApp({...}) in your code before using Firebase. 
[debug] [2025-12-03T14:37:19.002Z] Checked if tokens are valid: true, expires at: 1764774387757
[debug] [2025-12-03T14:37:19.002Z] Checked if tokens are valid: true, expires at: 1764774387757
[debug] [2025-12-03T14:37:19.002Z] >>> [apiv2][query] GET https://firebase.googleapis.com/v1beta1/projects/elderly-support [none]
[debug] [2025-12-03T14:37:19.477Z] <<< [apiv2][status] GET https://firebase.googleapis.com/v1beta1/projects/elderly-support 403
[debug] [2025-12-03T14:37:19.478Z] <<< [apiv2][body] GET https://firebase.googleapis.com/v1beta1/projects/elderly-support {"error":{"code":403,"message":"The caller does not have permission","status":"PERMISSION_DENIED"}}
[debug] [2025-12-03T14:37:19.478Z] Request to https://firebase.googleapis.com/v1beta1/projects/elderly-support had HTTP Error: 403, The caller does not have permission
[debug] [2025-12-03T14:37:19.479Z] Specified "public" directory "frontend/build" does not exist; Deploy to Hosting site "elderly-support" may fail or be empty.
[info] i  hosting[elderly-support]: Serving hosting files from: frontend/build {"metadata":{"emulator":{"name":"hosting"},"message":"Serving hosting files from: \u001b[1mfrontend/build\u001b[22m"}}
[info] ✔  hosting[elderly-support]: Local server: http://127.0.0.1:5000 {"metadata":{"emulator":{"name":"hosting"},"message":"Local server: \u001b[4m\u001b[1mhttp://127.0.0.1:5000\u001b[22m\u001b[24m"}}
[debug] [2025-12-03T14:37:19.576Z] [Extensions] Connecting Extensions emulator, this is a noop.
[info] i  functions: Watching "/Users/i329189/Documents/elderly-support/functions" for Cloud Functions... {"metadata":{"emulator":{"name":"functions"},"message":"Watching \"/Users/i329189/Documents/elderly-support/functions\" for Cloud Functions..."}}
[debug] [2025-12-03T14:37:19.578Z] Validating nodejs source
[warn] ⚠  functions: package.json indicates an outdated version of firebase-functions. Please upgrade using npm install --save firebase-functions@latest in your functions directory. 
[warn] ⚠  functions: Please note that there will be breaking changes when you upgrade. 
[debug] [2025-12-03T14:37:20.730Z] > [functions] package.json contents: {
  "name": "elderly-support-functions",
  "version": "1.0.0",
  "engines": {
    "node": "18"
  },
  "scripts": {
    "start": "firebase emulators:start --only functions,hosting"
  },
  "dependencies": {
    "@google/generative-ai": "^0.6.0",
    "cors": "^2.8.5",
    "dotenv": "^16.3.1",
    "express": "^4.18.2",
    "firebase-admin": "^11.10.0",
    "firebase-functions": "^4.4.0",
    "node-fetch": "^3.3.2"
  }
}
[debug] [2025-12-03T14:37:20.730Z] Building nodejs source
[debug] [2025-12-03T14:37:20.730Z] Failed to find version of module node: reached end of search path /Users/i329189/Documents/elderly-support/functions/node_modules
[warn] ⚠  functions: Your requested "node" version "18" doesn't match your global version "24". Using node@24 from host. 
[info] i  functions: Loaded environment variables from .env. 
[info] i  functions: You are using a version of firebase-functions SDK (4.9.0) that does not have support for the newest Firebase Extensions features. Please update firebase-functions SDK to >=5.1.0 to use them correctly 
[debug] [2025-12-03T14:37:20.733Z] Could not find functions.yaml. Must use http discovery
[debug] [2025-12-03T14:37:20.737Z] Found firebase-functions binary at '/Users/i329189/Documents/elderly-support/functions/node_modules/.bin/firebase-functions'
[info] Serving at port 8419

[debug] [2025-12-03T14:37:21.012Z] Got response from /__/functions.yaml {"endpoints":{"api":{"platform":"gcfv1","availableMemoryMb":null,"timeoutSeconds":null,"minInstances":null,"maxInstances":null,"ingressSettings":null,"serviceAccountEmail":null,"vpc":null,"httpsTrigger":{},"entryPoint":"api"}},"specVersion":"v1alpha1","requiredAPIs":[]}
[info] ✔  functions: Loaded functions definitions from source: api. {"metadata":{"emulator":{"name":"functions"},"message":"Loaded functions definitions from source: api."}}
[info] ✔  functions[us-central1-api]: http function initialized (http://127.0.0.1:5001/elderly-support/us-central1/api). {"metadata":{"emulator":{"name":"functions"},"message":"\u001b[1mhttp\u001b[22m function initialized (http://127.0.0.1:5001/elderly-support/us-central1/api)."}}
[debug] [2025-12-03T14:37:25.035Z] Could not find VSCode notification endpoint: FetchError: request to http://localhost:40001/vscode/notify failed, reason: . If you are not running the Firebase Data Connect VSCode extension, this is expected and not an issue.
[info] 
┌─────────────────────────────────────────────────────────────┐
│ ✔  All emulators ready! It is now safe to connect your app. │
│ i  View Emulator UI at http://127.0.0.1:4000/               │
└─────────────────────────────────────────────────────────────┘

┌────────────┬────────────────┬──────────────────────────────────┐
│ Emulator   │ Host:Port      │ View in Emulator UI              │
├────────────┼────────────────┼──────────────────────────────────┤
│ Functions  │ 127.0.0.1:5001 │ http://127.0.0.1:4000/functions  │
├────────────┼────────────────┼──────────────────────────────────┤
│ Hosting    │ 127.0.0.1:5000 │ n/a                              │
├────────────┼────────────────┼──────────────────────────────────┤
│ Extensions │ 127.0.0.1:5001 │ http://127.0.0.1:4000/extensions │
└────────────┴────────────────┴──────────────────────────────────┘
  Emulator Hub host: 127.0.0.1 port: 4400
  Other reserved ports: 4500
┌─────────────────────────┬───────────────┬─────────────────────┐
│ Extension Instance Name │ Extension Ref │ View in Emulator UI │
└─────────────────────────┴───────────────┴─────────────────────┘
Issues? Report them at https://github.com/firebase/firebase-tools/issues and attach the *-debug.log files.
 
[debug] [2025-12-03T14:37:42.337Z] [work-queue] {"queuedWork":["/elderly-support/us-central1/api/triageAgent-2025-12-03T14:37:42.337Z"],"queueLength":1,"runningWork":[],"workRunningCount":0}
[debug] [2025-12-03T14:37:42.337Z] [work-queue] {"queuedWork":[],"queueLength":0,"runningWork":["/elderly-support/us-central1/api/triageAgent-2025-12-03T14:37:42.337Z"],"workRunningCount":1}
[debug] [2025-12-03T14:37:42.338Z] Accepted request POST /elderly-support/us-central1/api/triageAgent --> us-central1-api
[debug] [2025-12-03T14:37:42.338Z] [functions] Runtime ready! Sending request! {"metadata":{"emulator":{"name":"functions"},"message":"[functions] Runtime ready! Sending request!"}}
[debug] [2025-12-03T14:37:42.338Z] [functions] Got req.url=/elderly-support/us-central1/api/triageAgent, mapping to path=/triageAgent {"metadata":{"emulator":{"name":"functions"},"message":"[functions] Got req.url=/elderly-support/us-central1/api/triageAgent, mapping to path=/triageAgent"}}
[info] i  functions: Loaded environment variables from .env. 
[debug] [2025-12-03T14:37:42.339Z] [worker-pool] addWorker(us-central1-api) {"metadata":{"emulator":{"name":"functions"},"message":"[worker-pool] addWorker(us-central1-api)"}}
[debug] [2025-12-03T14:37:42.340Z] [worker-pool] Adding worker with key us-central1-api, total=1 {"metadata":{"emulator":{"name":"functions"},"message":"[worker-pool] Adding worker with key us-central1-api, total=1"}}
[debug] [2025-12-03T14:37:42.726Z] [runtime-status] [42697] Resolved module firebase-admin {"declared":true,"installed":true,"version":"11.11.1","resolution":"/Users/i329189/Documents/elderly-support/functions/node_modules/firebase-admin/lib/index.js"} {"metadata":{"emulator":{"name":"functions"},"function":{"name":"us-central1-api"},"extension":{},"message":"[runtime-status] [42697] Resolved module firebase-admin {\"declared\":true,\"installed\":true,\"version\":\"11.11.1\",\"resolution\":\"/Users/i329189/Documents/elderly-support/functions/node_modules/firebase-admin/lib/index.js\"}"}}
[debug] [2025-12-03T14:37:42.726Z] [runtime-status] [42697] Resolved module firebase-functions {"declared":true,"installed":true,"version":"4.9.0","resolution":"/Users/i329189/Documents/elderly-support/functions/node_modules/firebase-functions/lib/v1/index.js"} {"metadata":{"emulator":{"name":"functions"},"function":{"name":"us-central1-api"},"extension":{},"message":"[runtime-status] [42697] Resolved module firebase-functions {\"declared\":true,\"installed\":true,\"version\":\"4.9.0\",\"resolution\":\"/Users/i329189/Documents/elderly-support/functions/node_modules/firebase-functions/lib/v1/index.js\"}"}}
[debug] [2025-12-03T14:37:42.726Z] [runtime-status] [42697] Outgoing network have been stubbed. [{"name":"http","status":"mocked"},{"name":"http","status":"mocked"},{"name":"https","status":"mocked"},{"name":"https","status":"mocked"},{"name":"net","status":"mocked"}] {"metadata":{"emulator":{"name":"functions"},"function":{"name":"us-central1-api"},"extension":{},"message":"[runtime-status] [42697] Outgoing network have been stubbed. [{\"name\":\"http\",\"status\":\"mocked\"},{\"name\":\"http\",\"status\":\"mocked\"},{\"name\":\"https\",\"status\":\"mocked\"},{\"name\":\"https\",\"status\":\"mocked\"},{\"name\":\"net\",\"status\":\"mocked\"}]"}}
[debug] [2025-12-03T14:37:42.726Z] [runtime-status] [42697] Resolved module firebase-functions {"declared":true,"installed":true,"version":"4.9.0","resolution":"/Users/i329189/Documents/elderly-support/functions/node_modules/firebase-functions/lib/v1/index.js"} {"metadata":{"emulator":{"name":"functions"},"function":{"name":"us-central1-api"},"extension":{},"message":"[runtime-status] [42697] Resolved module firebase-functions {\"declared\":true,\"installed\":true,\"version\":\"4.9.0\",\"resolution\":\"/Users/i329189/Documents/elderly-support/functions/node_modules/firebase-functions/lib/v1/index.js\"}"}}
[debug] [2025-12-03T14:37:42.804Z] [runtime-status] [42697] Checked functions.config() {"config":{}} {"metadata":{"emulator":{"name":"functions"},"function":{"name":"us-central1-api"},"extension":{},"message":"[runtime-status] [42697] Checked functions.config() {\"config\":{}}"}}
[debug] [2025-12-03T14:37:42.804Z] [runtime-status] [42697] firebase-functions has been stubbed. {"functionsResolution":{"declared":true,"installed":true,"version":"4.9.0","resolution":"/Users/i329189/Documents/elderly-support/functions/node_modules/firebase-functions/lib/v1/index.js"}} {"metadata":{"emulator":{"name":"functions"},"function":{"name":"us-central1-api"},"extension":{},"message":"[runtime-status] [42697] firebase-functions has been stubbed. {\"functionsResolution\":{\"declared\":true,\"installed\":true,\"version\":\"4.9.0\",\"resolution\":\"/Users/i329189/Documents/elderly-support/functions/node_modules/firebase-functions/lib/v1/index.js\"}}"}}
[debug] [2025-12-03T14:37:42.804Z] [runtime-status] [42697] Resolved module firebase-functions {"declared":true,"installed":true,"version":"4.9.0","resolution":"/Users/i329189/Documents/elderly-support/functions/node_modules/firebase-functions/lib/v1/index.js"} {"metadata":{"emulator":{"name":"functions"},"function":{"name":"us-central1-api"},"extension":{},"message":"[runtime-status] [42697] Resolved module firebase-functions {\"declared\":true,\"installed\":true,\"version\":\"4.9.0\",\"resolution\":\"/Users/i329189/Documents/elderly-support/functions/node_modules/firebase-functions/lib/v1/index.js\"}"}}
[debug] [2025-12-03T14:37:42.804Z] [runtime-status] [42697] Resolved module firebase-admin {"declared":true,"installed":true,"version":"11.11.1","resolution":"/Users/i329189/Documents/elderly-support/functions/node_modules/firebase-admin/lib/index.js"} {"metadata":{"emulator":{"name":"functions"},"function":{"name":"us-central1-api"},"extension":{},"message":"[runtime-status] [42697] Resolved module firebase-admin {\"declared\":true,\"installed\":true,\"version\":\"11.11.1\",\"resolution\":\"/Users/i329189/Documents/elderly-support/functions/node_modules/firebase-admin/lib/index.js\"}"}}
[debug] [2025-12-03T14:37:42.805Z] [runtime-status] [42697] Resolved module firebase-functions {"declared":true,"installed":true,"version":"4.9.0","resolution":"/Users/i329189/Documents/elderly-support/functions/node_modules/firebase-functions/lib/v1/index.js"} {"metadata":{"emulator":{"name":"functions"},"function":{"name":"us-central1-api"},"extension":{},"message":"[runtime-status] [42697] Resolved module firebase-functions {\"declared\":true,\"installed\":true,\"version\":\"4.9.0\",\"resolution\":\"/Users/i329189/Documents/elderly-support/functions/node_modules/firebase-functions/lib/v1/index.js\"}"}}
[debug] [2025-12-03T14:37:42.805Z] [runtime-status] [42697] firebase-admin has been stubbed. {"adminResolution":{"declared":true,"installed":true,"version":"11.11.1","resolution":"/Users/i329189/Documents/elderly-support/functions/node_modules/firebase-admin/lib/index.js"}} {"metadata":{"emulator":{"name":"functions"},"function":{"name":"us-central1-api"},"extension":{},"message":"[runtime-status] [42697] firebase-admin has been stubbed. {\"adminResolution\":{\"declared\":true,\"installed\":true,\"version\":\"11.11.1\",\"resolution\":\"/Users/i329189/Documents/elderly-support/functions/node_modules/firebase-admin/lib/index.js\"}}"}}
[debug] [2025-12-03T14:37:42.842Z] [runtime-status] [42697] initializeApp(DEFAULT) {"storageBucket":"elderly-support.appspot.com","databaseURL":"https://elderly-support.firebaseio.com","projectId":"elderly-support"} {"metadata":{"emulator":{"name":"functions"},"function":{"name":"us-central1-api"},"extension":{},"message":"[runtime-status] [42697] initializeApp(DEFAULT) {\"storageBucket\":\"elderly-support.appspot.com\",\"databaseURL\":\"https://elderly-support.firebaseio.com\",\"projectId\":\"elderly-support\"}"}}
[debug] [2025-12-03T14:37:42.853Z] [runtime-status] [42697] Functions runtime initialized. {"cwd":"/Users/i329189/Documents/elderly-support/functions","node_version":"24.9.0"} {"metadata":{"emulator":{"name":"functions"},"function":{"name":"us-central1-api"},"extension":{},"message":"[runtime-status] [42697] Functions runtime initialized. {\"cwd\":\"/Users/i329189/Documents/elderly-support/functions\",\"node_version\":\"24.9.0\"}"}}
[debug] [2025-12-03T14:37:42.853Z] [runtime-status] [42697] Listening to port: /var/folders/xx/gn4v67pj6nbcfsnh6p64r4tw0000gn/T/fire_emu_68c179e8a96b68af.sock {"metadata":{"emulator":{"name":"functions"},"function":{"name":"us-central1-api"},"extension":{},"message":"[runtime-status] [42697] Listening to port: /var/folders/xx/gn4v67pj6nbcfsnh6p64r4tw0000gn/T/fire_emu_68c179e8a96b68af.sock"}}
[debug] [2025-12-03T14:37:42.952Z] [worker-us-central1-api-d960963f-9aa6-4a4c-822f-f1e1a967e34f]: IDLE {"metadata":{"emulator":{"name":"functions"},"function":{"name":"us-central1-api"},"extension":{},"message":"[worker-us-central1-api-d960963f-9aa6-4a4c-822f-f1e1a967e34f]: IDLE"}}
[debug] [2025-12-03T14:37:42.952Z] [worker-pool] submitRequest(triggerId=us-central1-api) {"metadata":{"emulator":{"name":"functions"},"message":"[worker-pool] submitRequest(triggerId=us-central1-api)"}}
[info] i  functions: Beginning execution of "us-central1-api" {"metadata":{"emulator":{"name":"functions"},"function":{"name":"us-central1-api"},"extension":{},"message":"Beginning execution of \"us-central1-api\""}}
[debug] [2025-12-03T14:37:42.952Z] [worker-us-central1-api-d960963f-9aa6-4a4c-822f-f1e1a967e34f]: BUSY {"metadata":{"emulator":{"name":"functions"},"function":{"name":"us-central1-api"},"extension":{},"message":"[worker-us-central1-api-d960963f-9aa6-4a4c-822f-f1e1a967e34f]: BUSY"}}
[debug] [2025-12-03T14:37:43.796Z] Finishing up request with event=pause {"metadata":{"emulator":{"name":"functions"},"function":{"name":"us-central1-api"},"extension":{},"message":"Finishing up request with event=pause"}}
[info] i  functions: Finished "us-central1-api" in 844.201417ms {"metadata":{"emulator":{"name":"functions"},"function":{"name":"us-central1-api"},"extension":{},"message":"Finished \"us-central1-api\" in 844.201417ms"}}
[debug] [2025-12-03T14:37:43.797Z] [worker-us-central1-api-d960963f-9aa6-4a4c-822f-f1e1a967e34f]: IDLE {"metadata":{"emulator":{"name":"functions"},"function":{"name":"us-central1-api"},"extension":{},"message":"[worker-us-central1-api-d960963f-9aa6-4a4c-822f-f1e1a967e34f]: IDLE"}}
[debug] [2025-12-03T14:37:43.797Z] Finishing up request with event=finish {"metadata":{"emulator":{"name":"functions"},"function":{"name":"us-central1-api"},"extension":{},"message":"Finishing up request with event=finish"}}
[debug] [2025-12-03T14:37:43.797Z] Finishing up request with event=close {"metadata":{"emulator":{"name":"functions"},"function":{"name":"us-central1-api"},"extension":{},"message":"Finishing up request with event=close"}}
[debug] [2025-12-03T14:37:43.797Z] [work-queue] {"queuedWork":[],"queueLength":0,"runningWork":[],"workRunningCount":0}
[debug] [2025-12-03T14:37:48.379Z] [work-queue] {"queuedWork":["/elderly-support/us-central1/api/triageAgent-2025-12-03T14:37:48.379Z"],"queueLength":1,"runningWork":[],"workRunningCount":0}
[debug] [2025-12-03T14:37:48.379Z] [work-queue] {"queuedWork":[],"queueLength":0,"runningWork":["/elderly-support/us-central1/api/triageAgent-2025-12-03T14:37:48.379Z"],"workRunningCount":1}
[debug] [2025-12-03T14:37:48.379Z] Accepted request POST /elderly-support/us-central1/api/triageAgent --> us-central1-api
[debug] [2025-12-03T14:37:48.380Z] [functions] Runtime ready! Sending request! {"metadata":{"emulator":{"name":"functions"},"message":"[functions] Runtime ready! Sending request!"}}
[debug] [2025-12-03T14:37:48.380Z] [functions] Got req.url=/elderly-support/us-central1/api/triageAgent, mapping to path=/triageAgent {"metadata":{"emulator":{"name":"functions"},"message":"[functions] Got req.url=/elderly-support/us-central1/api/triageAgent, mapping to path=/triageAgent"}}
[debug] [2025-12-03T14:37:48.380Z] [worker-pool] submitRequest(triggerId=us-central1-api) {"metadata":{"emulator":{"name":"functions"},"message":"[worker-pool] submitRequest(triggerId=us-central1-api)"}}
[info] i  functions: Beginning execution of "us-central1-api" {"metadata":{"emulator":{"name":"functions"},"function":{"name":"us-central1-api"},"extension":{},"message":"Beginning execution of \"us-central1-api\""}}
[debug] [2025-12-03T14:37:48.380Z] [worker-us-central1-api-d960963f-9aa6-4a4c-822f-f1e1a967e34f]: BUSY {"metadata":{"emulator":{"name":"functions"},"function":{"name":"us-central1-api"},"extension":{},"message":"[worker-us-central1-api-d960963f-9aa6-4a4c-822f-f1e1a967e34f]: BUSY"}}
[debug] [2025-12-03T14:37:49.407Z] Finishing up request with event=pause {"metadata":{"emulator":{"name":"functions"},"function":{"name":"us-central1-api"},"extension":{},"message":"Finishing up request with event=pause"}}
[info] i  functions: Finished "us-central1-api" in 1027.520084ms {"metadata":{"emulator":{"name":"functions"},"function":{"name":"us-central1-api"},"extension":{},"message":"Finished \"us-central1-api\" in 1027.520084ms"}}
[debug] [2025-12-03T14:37:49.408Z] [worker-us-central1-api-d960963f-9aa6-4a4c-822f-f1e1a967e34f]: IDLE {"metadata":{"emulator":{"name":"functions"},"function":{"name":"us-central1-api"},"extension":{},"message":"[worker-us-central1-api-d960963f-9aa6-4a4c-822f-f1e1a967e34f]: IDLE"}}
[debug] [2025-12-03T14:37:49.408Z] Finishing up request with event=finish {"metadata":{"emulator":{"name":"functions"},"function":{"name":"us-central1-api"},"extension":{},"message":"Finishing up request with event=finish"}}
[debug] [2025-12-03T14:37:49.408Z] Finishing up request with event=close {"metadata":{"emulator":{"name":"functions"},"function":{"name":"us-central1-api"},"extension":{},"message":"Finishing up request with event=close"}}
[debug] [2025-12-03T14:37:49.409Z] [work-queue] {"queuedWork":[],"queueLength":0,"runningWork":[],"workRunningCount":0}
